# JRE version: OpenJDK Runtime Environment (17.0.6) (build 17.0.6+0-b2043.56-9586694)
# Java VM: OpenJDK 64-Bit Server VM (17.0.6+0-b2043.56-9586694, mixed mode, tiered, compressed oops, compressed class ptrs, g1 gc, windows-amd64)
GC Precious Log:
 CPUs: 4 total, 4 available
 Memory: 8043M
 Large Page Support: Disabled
 NUMA Support: Disabled
 Compressed Oops: Enabled (32-bit)
 Heap Region Size: 1M
 Heap Min Capacity: 8M
 Heap Initial Capacity: 126M
 Heap Max Capacity: 2012M
 Pre-touch: Disabled
 Parallel Workers: 4
 Concurrent Workers: 1
 Concurrent Refinement Workers: 4
 Periodic GC: Disabled
Heap:
 garbage-first heap   total 182272K, used 101618K [0x0000000082400000, 0x0000000100000000)
  region size 1024K, 33 young (33792K), 5 survivors (5120K)
 Metaspace       used 83829K, committed 84224K, reserved 1130496K
  class space    used 9268K, committed 9472K, reserved 1048576K
GC Heap History (20 events):
Event: 4.388 GC heap before
{Heap before GC invocations=10 (full 0):
 garbage-first heap   total 75776K, used 54828K [0x0000000082400000, 0x0000000100000000)
  region size 1024K, 32 young (32768K), 3 survivors (3072K)
 Metaspace       used 41054K, committed 41280K, reserved 1089536K
  class space    used 5053K, committed 5184K, reserved 1048576K
}
Event: 4.401 GC heap after
{Heap after GC invocations=11 (full 0):
 garbage-first heap   total 75776K, used 26245K [0x0000000082400000, 0x0000000100000000)
  region size 1024K, 4 young (4096K), 4 survivors (4096K)
 Metaspace       used 41054K, committed 41280K, reserved 1089536K
  class space    used 5053K, committed 5184K, reserved 1048576K
}
Event: 4.422 GC heap before
{Heap before GC invocations=11 (full 0):
 garbage-first heap   total 75776K, used 27269K [0x0000000082400000, 0x0000000100000000)
  region size 1024K, 5 young (5120K), 4 survivors (4096K)
 Metaspace       used 41353K, committed 41600K, reserved 1089536K
  class space    used 5076K, committed 5184K, reserved 1048576K
}
Event: 4.433 GC heap after
{Heap after GC invocations=12 (full 0):
 garbage-first heap   total 75776K, used 26826K [0x0000000082400000, 0x0000000100000000)
  region size 1024K, 1 young (1024K), 1 survivors (1024K)
 Metaspace       used 41353K, committed 41600K, reserved 1089536K
  class space    used 5076K, committed 5184K, reserved 1048576K
}
Event: 5.279 GC heap before
{Heap before GC invocations=12 (full 0):
 garbage-first heap   total 75776K, used 53450K [0x0000000082400000, 0x0000000100000000)
  region size 1024K, 27 young (27648K), 1 survivors (1024K)
 Metaspace       used 48132K, committed 48448K, reserved 1097728K
  class space    used 5868K, committed 6016K, reserved 1048576K
}
Event: 5.288 GC heap after
{Heap after GC invocations=13 (full 0):
 garbage-first heap   total 75776K, used 28549K [0x0000000082400000, 0x0000000100000000)
  region size 1024K, 3 young (3072K), 3 survivors (3072K)
 Metaspace       used 48132K, committed 48448K, reserved 1097728K
  class space    used 5868K, committed 6016K, reserved 1048576K
}
Event: 6.013 GC heap before
{Heap before GC invocations=13 (full 0):
 garbage-first heap   total 75776K, used 57221K [0x0000000082400000, 0x0000000100000000)
  region size 1024K, 29 young (29696K), 3 survivors (3072K)
 Metaspace       used 51786K, committed 52096K, reserved 1097728K
  class space    used 6246K, committed 6400K, reserved 1048576K
}
Event: 6.029 GC heap after
{Heap after GC invocations=14 (full 0):
 garbage-first heap   total 151552K, used 34704K [0x0000000082400000, 0x0000000100000000)
  region size 1024K, 4 young (4096K), 4 survivors (4096K)
 Metaspace       used 51786K, committed 52096K, reserved 1097728K
  class space    used 6246K, committed 6400K, reserved 1048576K
}
Event: 7.853 GC heap before
{Heap before GC invocations=14 (full 0):
 garbage-first heap   total 151552K, used 112528K [0x0000000082400000, 0x0000000100000000)
  region size 1024K, 79 young (80896K), 4 survivors (4096K)
 Metaspace       used 55360K, committed 55680K, reserved 1105920K
  class space    used 6508K, committed 6656K, reserved 1048576K
}
Event: 7.876 GC heap after
{Heap after GC invocations=15 (full 0):
 garbage-first heap   total 151552K, used 43508K [0x0000000082400000, 0x0000000100000000)
  region size 1024K, 10 young (10240K), 10 survivors (10240K)
 Metaspace       used 55360K, committed 55680K, reserved 1105920K
  class space    used 6508K, committed 6656K, reserved 1048576K
}
Event: 10.466 GC heap before
{Heap before GC invocations=15 (full 0):
 garbage-first heap   total 151552K, used 111092K [0x0000000082400000, 0x0000000100000000)
  region size 1024K, 76 young (77824K), 10 survivors (10240K)
 Metaspace       used 59759K, committed 60032K, reserved 1105920K
  class space    used 6899K, committed 7040K, reserved 1048576K
}
Event: 10.501 GC heap after
{Heap after GC invocations=16 (full 0):
 garbage-first heap   total 151552K, used 53865K [0x0000000082400000, 0x0000000100000000)
  region size 1024K, 10 young (10240K), 10 survivors (10240K)
 Metaspace       used 59759K, committed 60032K, reserved 1105920K
  class space    used 6899K, committed 7040K, reserved 1048576K
}
Event: 10.863 GC heap before
{Heap before GC invocations=16 (full 0):
 garbage-first heap   total 151552K, used 62057K [0x0000000082400000, 0x0000000100000000)
  region size 1024K, 19 young (19456K), 10 survivors (10240K)
 Metaspace       used 60462K, committed 60736K, reserved 1105920K
  class space    used 6947K, committed 7104K, reserved 1048576K
}
Event: 10.879 GC heap after
{Heap after GC invocations=17 (full 0):
 garbage-first heap   total 151552K, used 55808K [0x0000000082400000, 0x0000000100000000)
  region size 1024K, 2 young (2048K), 2 survivors (2048K)
 Metaspace       used 60462K, committed 60736K, reserved 1105920K
  class space    used 6947K, committed 7104K, reserved 1048576K
}
Event: 13.221 GC heap before
{Heap before GC invocations=18 (full 0):
 garbage-first heap   total 151552K, used 114176K [0x0000000082400000, 0x0000000100000000)
  region size 1024K, 59 young (60416K), 2 survivors (2048K)
 Metaspace       used 69111K, committed 69376K, reserved 1114112K
  class space    used 7873K, committed 8000K, reserved 1048576K
}
Event: 13.238 GC heap after
{Heap after GC invocations=19 (full 0):
 garbage-first heap   total 151552K, used 60928K [0x0000000082400000, 0x0000000100000000)
  region size 1024K, 7 young (7168K), 7 survivors (7168K)
 Metaspace       used 69111K, committed 69376K, reserved 1114112K
  class space    used 7873K, committed 8000K, reserved 1048576K
}
Event: 14.905 GC heap before
{Heap before GC invocations=20 (full 0):
 garbage-first heap   total 151552K, used 117248K [0x0000000082400000, 0x0000000100000000)
  region size 1024K, 62 young (63488K), 7 survivors (7168K)
 Metaspace       used 72567K, committed 72896K, reserved 1114112K
  class space    used 8241K, committed 8384K, reserved 1048576K
}
Event: 14.931 GC heap after
{Heap after GC invocations=21 (full 0):
 garbage-first heap   total 151552K, used 68903K [0x0000000082400000, 0x0000000100000000)
  region size 1024K, 8 young (8192K), 8 survivors (8192K)
 Metaspace       used 72567K, committed 72896K, reserved 1114112K
  class space    used 8241K, committed 8384K, reserved 1048576K
}
Event: 16.515 GC heap before
{Heap before GC invocations=21 (full 0):
 garbage-first heap   total 151552K, used 117031K [0x0000000082400000, 0x0000000100000000)
  region size 1024K, 55 young (56320K), 8 survivors (8192K)
 Metaspace       used 80106K, committed 80512K, reserved 1122304K
  class space    used 8980K, committed 9152K, reserved 1048576K
}
Event: 16.537 GC heap after
{Heap after GC invocations=22 (full 0):
 garbage-first heap   total 182272K, used 73970K [0x0000000082400000, 0x0000000100000000)
  region size 1024K, 5 young (5120K), 5 survivors (5120K)
 Metaspace       used 80106K, committed 80512K, reserved 1122304K
  class space    used 8980K, committed 9152K, reserved 1048576K
}

