# JRE version: OpenJDK Runtime Environment (17.0.6) (build 17.0.6+0-b2043.56-9586694)
# Java VM: OpenJDK 64-Bit Server VM (17.0.6+0-b2043.56-9586694, mixed mode, tiered, compressed oops, compressed class ptrs, g1 gc, windows-amd64)
GC Precious Log:
 CPUs: 4 total, 4 available
 Memory: 8043M
 Large Page Support: Disabled
 NUMA Support: Disabled
 Compressed Oops: Enabled (32-bit)
 Heap Region Size: 1M
 Heap Min Capacity: 8M
 Heap Initial Capacity: 126M
 Heap Max Capacity: 2G
 Pre-touch: Disabled
 Parallel Workers: 4
 Concurrent Workers: 1
 Concurrent Refinement Workers: 4
 Periodic GC: Disabled
Heap:
 garbage-first heap   total 456704K, used 321640K [0x0000000080000000, 0x0000000100000000)
  region size 1024K, 6 young (6144K), 6 survivors (6144K)
 Metaspace       used 155981K, committed 157056K, reserved 1187840K
  class space    used 20420K, committed 20928K, reserved 1048576K
GC Heap History (20 events):
Event: 149.047 GC heap after
{Heap after GC invocations=108 (full 0):
 garbage-first heap   total 388096K, used 257855K [0x0000000080000000, 0x0000000100000000)
  region size 1024K, 4 young (4096K), 4 survivors (4096K)
 Metaspace       used 155573K, committed 156672K, reserved 1187840K
  class space    used 20394K, committed 20928K, reserved 1048576K
}
Event: 149.742 GC heap before
{Heap before GC invocations=108 (full 0):
 garbage-first heap   total 388096K, used 335679K [0x0000000080000000, 0x0000000100000000)
  region size 1024K, 81 young (82944K), 4 survivors (4096K)
 Metaspace       used 155669K, committed 156736K, reserved 1187840K
  class space    used 20397K, committed 20928K, reserved 1048576K
}
Event: 149.751 GC heap after
{Heap after GC invocations=109 (full 0):
 garbage-first heap   total 388096K, used 257098K [0x0000000080000000, 0x0000000100000000)
  region size 1024K, 3 young (3072K), 3 survivors (3072K)
 Metaspace       used 155669K, committed 156736K, reserved 1187840K
  class space    used 20397K, committed 20928K, reserved 1048576K
}
Event: 150.672 GC heap before
{Heap before GC invocations=109 (full 0):
 garbage-first heap   total 388096K, used 339018K [0x0000000080000000, 0x0000000100000000)
  region size 1024K, 82 young (83968K), 3 survivors (3072K)
 Metaspace       used 155788K, committed 156864K, reserved 1187840K
  class space    used 20407K, committed 20928K, reserved 1048576K
}
Event: 150.681 GC heap after
{Heap after GC invocations=110 (full 0):
 garbage-first heap   total 388096K, used 262186K [0x0000000080000000, 0x0000000100000000)
  region size 1024K, 7 young (7168K), 7 survivors (7168K)
 Metaspace       used 155788K, committed 156864K, reserved 1187840K
  class space    used 20407K, committed 20928K, reserved 1048576K
}
Event: 151.023 GC heap before
{Heap before GC invocations=110 (full 0):
 garbage-first heap   total 388096K, used 335914K [0x0000000080000000, 0x0000000100000000)
  region size 1024K, 80 young (81920K), 7 survivors (7168K)
 Metaspace       used 155823K, committed 156864K, reserved 1187840K
  class space    used 20410K, committed 20928K, reserved 1048576K
}
Event: 151.038 GC heap after
{Heap after GC invocations=111 (full 0):
 garbage-first heap   total 388096K, used 267032K [0x0000000080000000, 0x0000000100000000)
  region size 1024K, 10 young (10240K), 10 survivors (10240K)
 Metaspace       used 155823K, committed 156864K, reserved 1187840K
  class space    used 20410K, committed 20928K, reserved 1048576K
}
Event: 151.454 GC heap before
{Heap before GC invocations=111 (full 0):
 garbage-first heap   total 388096K, used 334616K [0x0000000080000000, 0x0000000100000000)
  region size 1024K, 76 young (77824K), 10 survivors (10240K)
 Metaspace       used 155840K, committed 156928K, reserved 1187840K
  class space    used 20412K, committed 20928K, reserved 1048576K
}
Event: 151.474 GC heap after
{Heap after GC invocations=112 (full 0):
 garbage-first heap   total 388096K, used 273294K [0x0000000080000000, 0x0000000100000000)
  region size 1024K, 8 young (8192K), 8 survivors (8192K)
 Metaspace       used 155840K, committed 156928K, reserved 1187840K
  class space    used 20412K, committed 20928K, reserved 1048576K
}
Event: 151.702 GC heap before
{Heap before GC invocations=112 (full 0):
 garbage-first heap   total 388096K, used 332686K [0x0000000080000000, 0x0000000100000000)
  region size 1024K, 67 young (68608K), 8 survivors (8192K)
 Metaspace       used 155875K, committed 156928K, reserved 1187840K
  class space    used 20416K, committed 20928K, reserved 1048576K
}
Event: 151.721 GC heap after
{Heap after GC invocations=113 (full 0):
 garbage-first heap   total 456704K, used 277791K [0x0000000080000000, 0x0000000100000000)
  region size 1024K, 5 young (5120K), 5 survivors (5120K)
 Metaspace       used 155875K, committed 156928K, reserved 1187840K
  class space    used 20416K, committed 20928K, reserved 1048576K
}
Event: 152.709 GC heap before
{Heap before GC invocations=113 (full 0):
 garbage-first heap   total 456704K, used 387359K [0x0000000080000000, 0x0000000100000000)
  region size 1024K, 112 young (114688K), 5 survivors (5120K)
 Metaspace       used 155914K, committed 156992K, reserved 1187840K
  class space    used 20417K, committed 20928K, reserved 1048576K
}
Event: 152.738 GC heap after
{Heap after GC invocations=114 (full 0):
 garbage-first heap   total 456704K, used 287744K [0x0000000080000000, 0x0000000100000000)
  region size 1024K, 14 young (14336K), 14 survivors (14336K)
 Metaspace       used 155914K, committed 156992K, reserved 1187840K
  class space    used 20417K, committed 20928K, reserved 1048576K
}
Event: 153.282 GC heap before
{Heap before GC invocations=114 (full 0):
 garbage-first heap   total 456704K, used 386048K [0x0000000080000000, 0x0000000100000000)
  region size 1024K, 111 young (113664K), 14 survivors (14336K)
 Metaspace       used 155925K, committed 156992K, reserved 1187840K
  class space    used 20418K, committed 20928K, reserved 1048576K
}
Event: 153.316 GC heap after
{Heap after GC invocations=115 (full 0):
 garbage-first heap   total 456704K, used 300230K [0x0000000080000000, 0x0000000100000000)
  region size 1024K, 13 young (13312K), 13 survivors (13312K)
 Metaspace       used 155925K, committed 156992K, reserved 1187840K
  class space    used 20418K, committed 20928K, reserved 1048576K
}
Event: 153.586 GC heap before
{Heap before GC invocations=115 (full 0):
 garbage-first heap   total 456704K, used 386246K [0x0000000080000000, 0x0000000100000000)
  region size 1024K, 97 young (99328K), 13 survivors (13312K)
 Metaspace       used 155951K, committed 156992K, reserved 1187840K
  class space    used 20420K, committed 20928K, reserved 1048576K
}
Event: 153.611 GC heap after
{Heap after GC invocations=116 (full 0):
 garbage-first heap   total 456704K, used 309248K [0x0000000080000000, 0x0000000100000000)
  region size 1024K, 9 young (9216K), 9 survivors (9216K)
 Metaspace       used 155951K, committed 156992K, reserved 1187840K
  class space    used 20420K, committed 20928K, reserved 1048576K
}
Event: 153.844 GC heap before
{Heap before GC invocations=116 (full 0):
 garbage-first heap   total 456704K, used 389120K [0x0000000080000000, 0x0000000100000000)
  region size 1024K, 87 young (89088K), 9 survivors (9216K)
 Metaspace       used 155961K, committed 156992K, reserved 1187840K
  class space    used 20420K, committed 20928K, reserved 1048576K
}
Event: 153.879 GC heap after
{Heap after GC invocations=117 (full 0):
 garbage-first heap   total 456704K, used 315904K [0x0000000080000000, 0x0000000100000000)
  region size 1024K, 7 young (7168K), 7 survivors (7168K)
 Metaspace       used 155961K, committed 156992K, reserved 1187840K
  class space    used 20420K, committed 20928K, reserved 1048576K
}
Event: 154.107 GC heap before
{Heap before GC invocations=117 (full 0):
 garbage-first heap   total 456704K, used 390656K [0x0000000080000000, 0x0000000100000000)
  region size 1024K, 80 young (81920K), 7 survivors (7168K)
 Metaspace       used 155981K, committed 157056K, reserved 1187840K
  class space    used 20420K, committed 20928K, reserved 1048576K
}

