# JRE version: OpenJDK Runtime Environment (20.0+36) (build 20+36-2344)
# Java VM: OpenJDK 64-Bit Server VM (20+36-2344, mixed mode, sharing, tiered, compressed oops, compressed class ptrs, g1 gc, windows-amd64)
GC Precious Log:
 CardTable entry size: 512
 Card Set container configuration: InlinePtr #cards 5 size 8 Array Of Cards #cards 12 size 40 Howl #buckets 4 coarsen threshold 1843 Howl Bitmap #cards 512 size 80 coarsen threshold 460 Card regions per heap region 1 cards per card region 2048
 CPUs: 4 total, 4 available
 Memory: 8043M
 Large Page Support: Disabled
 NUMA Support: Disabled
 Compressed Oops: Enabled (32-bit)
 Heap Region Size: 1M
 Heap Min Capacity: 8M
 Heap Initial Capacity: 126M
 Heap Max Capacity: 2G
 Pre-touch: Disabled
 Parallel Workers: 4
 Concurrent Workers: 1
 Concurrent Refinement Workers: 4
 Periodic GC: Disabled
Heap:
 garbage-first heap   total 201728K, used 157644K [0x0000000080000000, 0x0000000100000000)
  region size 1024K, 10 young (10240K), 6 survivors (6144K)
 Metaspace       used 74074K, committed 76096K, reserved 1179648K
  class space    used 10297K, committed 11264K, reserved 1048576K
GC Heap History (20 events):
Event: 31.436 GC heap before
{Heap before GC invocations=16 (full 0):
 garbage-first heap   total 152576K, used 103796K [0x0000000080000000, 0x0000000100000000)
  region size 1024K, 26 young (26624K), 7 survivors (7168K)
 Metaspace       used 47488K, committed 49152K, reserved 1114112K
  class space    used 6641K, committed 7488K, reserved 1048576K
}
Event: 31.448 GC heap after
{Heap after GC invocations=17 (full 0):
 garbage-first heap   total 152576K, used 88325K [0x0000000080000000, 0x0000000100000000)
  region size 1024K, 3 young (3072K), 3 survivors (3072K)
 Metaspace       used 47488K, committed 49152K, reserved 1114112K
  class space    used 6641K, committed 7488K, reserved 1048576K
}
Event: 33.368 GC heap before
{Heap before GC invocations=18 (full 0):
 garbage-first heap   total 153600K, used 144645K [0x0000000080000000, 0x0000000100000000)
  region size 1024K, 50 young (51200K), 3 survivors (3072K)
 Metaspace       used 50878K, committed 52608K, reserved 1114112K
  class space    used 7095K, committed 7936K, reserved 1048576K
}
Event: 33.378 GC heap after
{Heap after GC invocations=19 (full 0):
 garbage-first heap   total 156672K, used 104186K [0x0000000080000000, 0x0000000100000000)
  region size 1024K, 7 young (7168K), 7 survivors (7168K)
 Metaspace       used 50878K, committed 52608K, reserved 1114112K
  class space    used 7095K, committed 7936K, reserved 1048576K
}
Event: 34.811 GC heap before
{Heap before GC invocations=19 (full 0):
 garbage-first heap   total 156672K, used 140026K [0x0000000080000000, 0x0000000100000000)
  region size 1024K, 42 young (43008K), 7 survivors (7168K)
 Metaspace       used 55462K, committed 57216K, reserved 1114112K
  class space    used 7701K, committed 8576K, reserved 1048576K
}
Event: 34.819 GC heap after
{Heap after GC invocations=20 (full 0):
 garbage-first heap   total 156672K, used 105768K [0x0000000080000000, 0x0000000100000000)
  region size 1024K, 2 young (2048K), 2 survivors (2048K)
 Metaspace       used 55462K, committed 57216K, reserved 1114112K
  class space    used 7701K, committed 8576K, reserved 1048576K
}
Event: 35.631 GC heap before
{Heap before GC invocations=20 (full 0):
 garbage-first heap   total 156672K, used 124200K [0x0000000080000000, 0x0000000100000000)
  region size 1024K, 21 young (21504K), 2 survivors (2048K)
 Metaspace       used 58159K, committed 60032K, reserved 1114112K
  class space    used 8043K, committed 8960K, reserved 1048576K
}
Event: 35.636 GC heap after
{Heap after GC invocations=21 (full 0):
 garbage-first heap   total 156672K, used 107717K [0x0000000080000000, 0x0000000100000000)
  region size 1024K, 4 young (4096K), 4 survivors (4096K)
 Metaspace       used 58159K, committed 60032K, reserved 1114112K
  class space    used 8043K, committed 8960K, reserved 1048576K
}
Event: 37.149 GC heap before
{Heap before GC invocations=22 (full 0):
 garbage-first heap   total 181248K, used 146629K [0x0000000080000000, 0x0000000100000000)
  region size 1024K, 37 young (37888K), 4 survivors (4096K)
 Metaspace       used 59973K, committed 61824K, reserved 1114112K
  class space    used 8275K, committed 9216K, reserved 1048576K
}
Event: 37.158 GC heap after
{Heap after GC invocations=23 (full 0):
 garbage-first heap   total 181248K, used 110592K [0x0000000080000000, 0x0000000100000000)
  region size 1024K, 5 young (5120K), 5 survivors (5120K)
 Metaspace       used 59973K, committed 61824K, reserved 1114112K
  class space    used 8275K, committed 9216K, reserved 1048576K
}
Event: 39.129 GC heap before
{Heap before GC invocations=23 (full 0):
 garbage-first heap   total 181248K, used 158720K [0x0000000080000000, 0x0000000100000000)
  region size 1024K, 51 young (52224K), 5 survivors (5120K)
 Metaspace       used 63538K, committed 65408K, reserved 1114112K
  class space    used 8720K, committed 9664K, reserved 1048576K
}
Event: 39.140 GC heap after
{Heap after GC invocations=24 (full 0):
 garbage-first heap   total 181248K, used 112421K [0x0000000080000000, 0x0000000100000000)
  region size 1024K, 3 young (3072K), 3 survivors (3072K)
 Metaspace       used 63538K, committed 65408K, reserved 1114112K
  class space    used 8720K, committed 9664K, reserved 1048576K
}
Event: 39.713 GC heap before
{Heap before GC invocations=24 (full 0):
 garbage-first heap   total 181248K, used 126757K [0x0000000080000000, 0x0000000100000000)
  region size 1024K, 18 young (18432K), 3 survivors (3072K)
 Metaspace       used 64793K, committed 66688K, reserved 1114112K
  class space    used 8882K, committed 9856K, reserved 1048576K
}
Event: 39.719 GC heap after
{Heap after GC invocations=25 (full 0):
 garbage-first heap   total 181248K, used 112863K [0x0000000080000000, 0x0000000100000000)
  region size 1024K, 3 young (3072K), 3 survivors (3072K)
 Metaspace       used 64793K, committed 66688K, reserved 1114112K
  class space    used 8882K, committed 9856K, reserved 1048576K
}
Event: 40.882 GC heap before
{Heap before GC invocations=26 (full 0):
 garbage-first heap   total 201728K, used 165087K [0x0000000080000000, 0x0000000100000000)
  region size 1024K, 51 young (52224K), 3 survivors (3072K)
 Metaspace       used 65919K, committed 67840K, reserved 1114112K
  class space    used 9016K, committed 9984K, reserved 1048576K
}
Event: 40.898 GC heap after
{Heap after GC invocations=27 (full 0):
 garbage-first heap   total 201728K, used 120236K [0x0000000080000000, 0x0000000100000000)
  region size 1024K, 7 young (7168K), 7 survivors (7168K)
 Metaspace       used 65919K, committed 67840K, reserved 1114112K
  class space    used 9016K, committed 9984K, reserved 1048576K
}
Event: 43.464 GC heap before
{Heap before GC invocations=27 (full 0):
 garbage-first heap   total 201728K, used 176556K [0x0000000080000000, 0x0000000100000000)
  region size 1024K, 62 young (63488K), 7 survivors (7168K)
 Metaspace       used 70219K, committed 72128K, reserved 1114112K
  class space    used 9787K, committed 10752K, reserved 1048576K
}
Event: 43.486 GC heap after
{Heap after GC invocations=28 (full 0):
 garbage-first heap   total 201728K, used 122880K [0x0000000080000000, 0x0000000100000000)
  region size 1024K, 3 young (3072K), 3 survivors (3072K)
 Metaspace       used 70219K, committed 72128K, reserved 1114112K
  class space    used 9787K, committed 10752K, reserved 1048576K
}
Event: 45.612 GC heap before
{Heap before GC invocations=28 (full 0):
 garbage-first heap   total 201728K, used 168960K [0x0000000080000000, 0x0000000100000000)
  region size 1024K, 49 young (50176K), 3 survivors (3072K)
 Metaspace       used 74070K, committed 76096K, reserved 1179648K
  class space    used 10297K, committed 11264K, reserved 1048576K
}
Event: 45.631 GC heap after
{Heap after GC invocations=29 (full 0):
 garbage-first heap   total 201728K, used 125900K [0x0000000080000000, 0x0000000100000000)
  region size 1024K, 6 young (6144K), 6 survivors (6144K)
 Metaspace       used 74070K, committed 76096K, reserved 1179648K
  class space    used 10297K, committed 11264K, reserved 1048576K
}

