# JRE version: OpenJDK Runtime Environment (17.0.6) (build 17.0.6+0-b2043.56-9586694)
# Java VM: OpenJDK 64-Bit Server VM (17.0.6+0-b2043.56-9586694, mixed mode, tiered, compressed oops, compressed class ptrs, g1 gc, windows-amd64)
GC Precious Log:
 CPUs: 4 total, 4 available
 Memory: 8043M
 Large Page Support: Disabled
 NUMA Support: Disabled
 Compressed Oops: Enabled (32-bit)
 Heap Region Size: 1M
 Heap Min Capacity: 8M
 Heap Initial Capacity: 126M
 Heap Max Capacity: 2G
 Pre-touch: Disabled
 Parallel Workers: 4
 Concurrent Workers: 1
 Concurrent Refinement Workers: 4
 Periodic GC: Disabled
Heap:
 garbage-first heap   total 132096K, used 85180K [0x0000000080000000, 0x0000000100000000)
  region size 1024K, 30 young (30720K), 1 survivors (1024K)
 Metaspace       used 38853K, committed 39232K, reserved 1089536K
  class space    used 5259K, committed 5440K, reserved 1048576K
GC Heap History (20 events):
Event: 0.996 GC heap before
{Heap before GC invocations=0 (full 0):
 garbage-first heap   total 129024K, used 13312K [0x0000000080000000, 0x0000000100000000)
  region size 1024K, 13 young (13312K), 0 survivors (0K)
 Metaspace       used 7089K, committed 7296K, reserved 1056768K
  class space    used 608K, committed 704K, reserved 1048576K
}
Event: 1.001 GC heap after
{Heap after GC invocations=1 (full 0):
 garbage-first heap   total 129024K, used 3943K [0x0000000080000000, 0x0000000100000000)
  region size 1024K, 2 young (2048K), 2 survivors (2048K)
 Metaspace       used 7089K, committed 7296K, reserved 1056768K
  class space    used 608K, committed 704K, reserved 1048576K
}
Event: 1.757 GC heap before
{Heap before GC invocations=1 (full 0):
 garbage-first heap   total 129024K, used 23399K [0x0000000080000000, 0x0000000100000000)
  region size 1024K, 17 young (17408K), 2 survivors (2048K)
 Metaspace       used 11095K, committed 11264K, reserved 1064960K
  class space    used 1163K, committed 1280K, reserved 1048576K
}
Event: 1.762 GC heap after
{Heap after GC invocations=2 (full 0):
 garbage-first heap   total 129024K, used 10346K [0x0000000080000000, 0x0000000100000000)
  region size 1024K, 3 young (3072K), 3 survivors (3072K)
 Metaspace       used 11095K, committed 11264K, reserved 1064960K
  class space    used 1163K, committed 1280K, reserved 1048576K
}
Event: 2.157 GC heap before
{Heap before GC invocations=2 (full 0):
 garbage-first heap   total 129024K, used 31850K [0x0000000080000000, 0x0000000100000000)
  region size 1024K, 24 young (24576K), 3 survivors (3072K)
 Metaspace       used 11189K, committed 11392K, reserved 1064960K
  class space    used 1164K, committed 1280K, reserved 1048576K
}
Event: 2.162 GC heap after
{Heap after GC invocations=3 (full 0):
 garbage-first heap   total 129024K, used 12357K [0x0000000080000000, 0x0000000100000000)
  region size 1024K, 2 young (2048K), 2 survivors (2048K)
 Metaspace       used 11189K, committed 11392K, reserved 1064960K
  class space    used 1164K, committed 1280K, reserved 1048576K
}
Event: 3.854 GC heap before
{Heap before GC invocations=3 (full 0):
 garbage-first heap   total 129024K, used 50245K [0x0000000080000000, 0x0000000100000000)
  region size 1024K, 40 young (40960K), 2 survivors (2048K)
 Metaspace       used 21263K, committed 21504K, reserved 1073152K
  class space    used 2564K, committed 2688K, reserved 1048576K
}
Event: 3.864 GC heap after
{Heap after GC invocations=4 (full 0):
 garbage-first heap   total 129024K, used 18121K [0x0000000080000000, 0x0000000100000000)
  region size 1024K, 8 young (8192K), 8 survivors (8192K)
 Metaspace       used 21263K, committed 21504K, reserved 1073152K
  class space    used 2564K, committed 2688K, reserved 1048576K
}
Event: 5.135 GC heap before
{Heap before GC invocations=5 (full 0):
 garbage-first heap   total 68608K, used 49865K [0x0000000080000000, 0x0000000100000000)
  region size 1024K, 40 young (40960K), 8 survivors (8192K)
 Metaspace       used 26286K, committed 26624K, reserved 1073152K
  class space    used 3451K, committed 3584K, reserved 1048576K
}
Event: 5.146 GC heap after
{Heap after GC invocations=6 (full 0):
 garbage-first heap   total 68608K, used 20123K [0x0000000080000000, 0x0000000100000000)
  region size 1024K, 3 young (3072K), 3 survivors (3072K)
 Metaspace       used 26286K, committed 26624K, reserved 1073152K
  class space    used 3451K, committed 3584K, reserved 1048576K
}
Event: 5.190 GC heap before
{Heap before GC invocations=6 (full 0):
 garbage-first heap   total 68608K, used 21147K [0x0000000080000000, 0x0000000100000000)
  region size 1024K, 4 young (4096K), 3 survivors (3072K)
 Metaspace       used 26401K, committed 26752K, reserved 1073152K
  class space    used 3473K, committed 3648K, reserved 1048576K
}
Event: 5.194 GC heap after
{Heap after GC invocations=7 (full 0):
 garbage-first heap   total 68608K, used 20661K [0x0000000080000000, 0x0000000100000000)
  region size 1024K, 1 young (1024K), 1 survivors (1024K)
 Metaspace       used 26401K, committed 26752K, reserved 1073152K
  class space    used 3473K, committed 3648K, reserved 1048576K
}
Event: 6.494 GC heap before
{Heap before GC invocations=7 (full 0):
 garbage-first heap   total 68608K, used 50357K [0x0000000080000000, 0x0000000100000000)
  region size 1024K, 22 young (22528K), 1 survivors (1024K)
 Metaspace       used 29373K, committed 29696K, reserved 1081344K
  class space    used 3984K, committed 4160K, reserved 1048576K
}
Event: 6.505 GC heap after
{Heap after GC invocations=8 (full 0):
 garbage-first heap   total 68608K, used 35171K [0x0000000080000000, 0x0000000100000000)
  region size 1024K, 4 young (4096K), 4 survivors (4096K)
 Metaspace       used 29373K, committed 29696K, reserved 1081344K
  class space    used 3984K, committed 4160K, reserved 1048576K
}
Event: 7.021 GC heap before
{Heap before GC invocations=9 (full 0):
 garbage-first heap   total 78848K, used 67939K [0x0000000080000000, 0x0000000100000000)
  region size 1024K, 19 young (19456K), 4 survivors (4096K)
 Metaspace       used 31272K, committed 31680K, reserved 1081344K
  class space    used 4294K, committed 4480K, reserved 1048576K
}
Event: 7.028 GC heap after
{Heap after GC invocations=10 (full 0):
 garbage-first heap   total 78848K, used 56320K [0x0000000080000000, 0x0000000100000000)
  region size 1024K, 3 young (3072K), 3 survivors (3072K)
 Metaspace       used 31272K, committed 31680K, reserved 1081344K
  class space    used 4294K, committed 4480K, reserved 1048576K
}
Event: 7.052 GC heap before
{Heap before GC invocations=10 (full 0):
 garbage-first heap   total 78848K, used 57344K [0x0000000080000000, 0x0000000100000000)
  region size 1024K, 4 young (4096K), 3 survivors (3072K)
 Metaspace       used 31396K, committed 31808K, reserved 1081344K
  class space    used 4311K, committed 4480K, reserved 1048576K
}
Event: 7.056 GC heap after
{Heap after GC invocations=11 (full 0):
 garbage-first heap   total 78848K, used 56155K [0x0000000080000000, 0x0000000100000000)
  region size 1024K, 1 young (1024K), 1 survivors (1024K)
 Metaspace       used 31396K, committed 31808K, reserved 1081344K
  class space    used 4311K, committed 4480K, reserved 1048576K
}
Event: 7.334 GC heap before
{Heap before GC invocations=11 (full 0):
 garbage-first heap   total 78848K, used 64347K [0x0000000080000000, 0x0000000100000000)
  region size 1024K, 9 young (9216K), 1 survivors (1024K)
 Metaspace       used 32547K, committed 32896K, reserved 1081344K
  class space    used 4503K, committed 4672K, reserved 1048576K
}
Event: 7.338 GC heap after
{Heap after GC invocations=12 (full 0):
 garbage-first heap   total 132096K, used 56508K [0x0000000080000000, 0x0000000100000000)
  region size 1024K, 1 young (1024K), 1 survivors (1024K)
 Metaspace       used 32547K, committed 32896K, reserved 1081344K
  class space    used 4503K, committed 4672K, reserved 1048576K
}

